<?xml version="1.0" encoding="UTF-8"?>
<!-- Generated by org.testng.reporters.JUnitReportReporter -->
<testsuite name="com.test.gojek.tests.BuyingPillowSuccessTest" tests="1" time="14.220" ignored="0" failures="0" timestamp="16 Nov 2019 04:28:56 GMT" skipped="0" hostname="DESKTOP-NR1LKJG" errors="0">
  <testcase name="purchasePillowUsingValidPaymentDetails" time="14.220" classname="com.test.gojek.tests.BuyingPillowSuccessTest"/>
</testsuite> <!-- com.test.gojek.tests.BuyingPillowSuccessTest -->
